This is pdfTeX, Version 3.14159265-2.6-1.40.20 (MiKTeX 2.9.7200 64-bit) (preloaded format=pdflatex 2019.10.21)  20 MAR 2020 00:59
entering extended mode
**./thesis-example.tex
(thesis-example.tex
LaTeX2e <2019-10-01>
(fau-math-thesis.cls
Document Class: fau-math-thesis 18/03/2020A class file for a FAU math thesis

("C:\Users\Tim Roith\AppData\Local\Programs\MiKTeX 2.9\tex/latex/xkeyval\xkeyva
l.sty"
Package: xkeyval 2014/12/03 v2.7a package option processing (HA)

("C:\Users\Tim Roith\AppData\Local\Programs\MiKTeX 2.9\tex/generic/xkeyval\xkey
val.tex"
("C:\Users\Tim Roith\AppData\Local\Programs\MiKTeX 2.9\tex/generic/xkeyval\xkvu
tils.tex"
\XKV@toks=\toks14
\XKV@tempa@toks=\toks15

("C:\Users\Tim Roith\AppData\Local\Programs\MiKTeX 2.9\tex/generic/xkeyval\keyv
al.tex"))
\XKV@depth=\count80
File: xkeyval.tex 2014/12/03 v2.7a key=value parser (HA)
))
("C:\Users\Tim Roith\AppData\Local\Programs\MiKTeX 2.9\tex/latex/koma-script\sc
rbook.cls"
Document Class: scrbook 2020/01/24 v3.29 KOMA-Script document class (book)

("C:\Users\Tim Roith\AppData\Local\Programs\MiKTeX 2.9\tex/latex/koma-script\sc
rkbase.sty"
Package: scrkbase 2020/01/24 v3.29 KOMA-Script package (KOMA-Script-dependent b
asics and keyval usage)

("C:\Users\Tim Roith\AppData\Local\Programs\MiKTeX 2.9\tex/latex/koma-script\sc
rbase.sty"
Package: scrbase 2020/01/24 v3.29 KOMA-Script package (KOMA-Script-independent 
basics and keyval usage)

("C:\Users\Tim Roith\AppData\Local\Programs\MiKTeX 2.9\tex/latex/koma-script\sc
rlfile.sty"
Package: scrlfile 2020/01/24 v3.29 KOMA-Script package (loading files)
)))
("C:\Users\Tim Roith\AppData\Local\Programs\MiKTeX 2.9\tex/latex/koma-script\to
cbasic.sty"
Package: tocbasic 2020/01/24 v3.29 KOMA-Script package (handling toc-files)
\scr@dte@tocline@numberwidth=\skip41
\scr@dte@tocline@numbox=\box27
)
Package tocbasic Info: omitting babel extension for `toc'
(tocbasic)             because of feature `nobabel' available
(tocbasic)             for `toc' on input line 137.
Class scrbook Info: You've used standard option `oneside'.
(scrbook)           This is correct!
(scrbook)           Internally I'm using `twoside=false'.
(scrbook)           If you'd like to set the option with \KOMAoptions,
(scrbook)           you'd have to use `twoside=false' there
(scrbook)           instead of `oneside', too.
Class scrbook Info: You've used standard option `openright'.
(scrbook)           This is correct!
(scrbook)           Internally I'm using `open=right'.
(scrbook)           If you'd like to set the option with \KOMAoptions,
(scrbook)           you'd have to use `open=right' there
(scrbook)           instead of `openright', too.
Package scrbook Info: You've used standard option `12pt'.
(scrbook)             This is correct!
(scrbook)             Internally I'm using `fontsize=12pt'.
(scrbook)             If you'd like to set the option with \KOMAoptions,
(scrbook)             you'd have to use `fontsize=12pt' there
(scrbook)             instead of `12pt', too.
Class scrbook Info: File `scrsize12pt.clo' used to setup font sizes on input li
ne 2424.

("C:\Users\Tim Roith\AppData\Local\Programs\MiKTeX 2.9\tex/latex/koma-script\sc
rsize12pt.clo"
File: scrsize12pt.clo 2020/01/24 v3.29 KOMA-Script font size class option (12pt
)
)
("C:\Users\Tim Roith\AppData\Local\Programs\MiKTeX 2.9\tex/latex/koma-script\ty
pearea.sty"
Package: typearea 2020/01/24 v3.29 KOMA-Script package (type area)
\ta@bcor=\skip42
\ta@div=\count81
Package typearea Info: You've used standard option `oneside'.
(typearea)             This is correct!
(typearea)             Internally I'm using `twoside=false'.
(typearea)             If you'd like to set the option with \KOMAoptions,
(typearea)             you'd have to use `twoside=false' there
(typearea)             instead of `oneside', too.
\ta@hblk=\skip43
\ta@vblk=\skip44
\ta@temp=\skip45
\footheight=\skip46
Package typearea Info: These are the values describing the layout:
(typearea)             DIV  = 12
(typearea)             BCOR = 0.0pt
(typearea)             \paperwidth      = 597.50793pt
(typearea)              \textwidth      = 448.13095pt
(typearea)              DIV departure   = -6%
(typearea)              \evensidemargin = 27.31467pt
(typearea)              \oddsidemargin  = -22.47766pt
(typearea)             \paperheight     = 845.04694pt
(typearea)              \textheight     = 635.5pt
(typearea)              \topmargin      = -41.72441pt
(typearea)              \headheight     = 18.125pt
(typearea)              \headsep        = 21.75pt
(typearea)              \topskip        = 12.0pt
(typearea)              \footskip       = 50.75pt
(typearea)              \baselineskip   = 14.5pt
(typearea)              on input line 1719.
)
\c@part=\count82
\c@chapter=\count83
\c@section=\count84
\c@subsection=\count85
\c@subsubsection=\count86
\c@paragraph=\count87
\c@subparagraph=\count88
\scr@dte@chapter@maxnumwidth=\skip47
Class scrbook Info: using compatibility default `afterindent=bysign'
(scrbook)           for `\chapter on input line 5545.
\scr@dte@section@maxnumwidth=\skip48
Class scrbook Info: using compatibility default `runin=bysign'
(scrbook)           for `\section on input line 5555.
Class scrbook Info: using compatibility default `afterindent=bysign'
(scrbook)           for `\section on input line 5555.
\scr@dte@part@maxnumwidth=\skip49
Class scrbook Info: using compatibility default `afterindent=true'
(scrbook)           for `\part on input line 5564.
\scr@dte@subsection@maxnumwidth=\skip50
Class scrbook Info: using compatibility default `runin=bysign'
(scrbook)           for `\subsection on input line 5574.
Class scrbook Info: using compatibility default `afterindent=bysign'
(scrbook)           for `\subsection on input line 5574.
\scr@dte@subsubsection@maxnumwidth=\skip51
Class scrbook Info: using compatibility default `runin=bysign'
(scrbook)           for `\subsubsection on input line 5584.
Class scrbook Info: using compatibility default `afterindent=bysign'
(scrbook)           for `\subsubsection on input line 5584.
\scr@dte@paragraph@maxnumwidth=\skip52
Class scrbook Info: using compatibility default `runin=bysign'
(scrbook)           for `\paragraph on input line 5594.
Class scrbook Info: using compatibility default `afterindent=bysign'
(scrbook)           for `\paragraph on input line 5594.
\scr@dte@subparagraph@maxnumwidth=\skip53
Class scrbook Info: using compatibility default `runin=bysign'
(scrbook)           for `\subparagraph on input line 5604.
Class scrbook Info: using compatibility default `afterindent=bysign'
(scrbook)           for `\subparagraph on input line 5604.
\abovecaptionskip=\skip54
\belowcaptionskip=\skip55
\c@pti@nb@sid@b@x=\box28
Package tocbasic Info: omitting babel extension for `lof'
(tocbasic)             because of feature `nobabel' available
(tocbasic)             for `lof' on input line 6846.
\scr@dte@figure@maxnumwidth=\skip56
\c@figure=\count89
Package tocbasic Info: omitting babel extension for `lot'
(tocbasic)             because of feature `nobabel' available
(tocbasic)             for `lot' on input line 6867.
\scr@dte@table@maxnumwidth=\skip57
\c@table=\count90
Class scrbook Info: Redefining `\numberline' on input line 7040.
\bibindent=\dimen102
)
("C:\Users\Tim Roith\AppData\Local\Programs\MiKTeX 2.9\tex/latex/geometry\geome
try.sty"
Package: geometry 2018/04/16 v5.8 Page Geometry

("C:\Users\Tim Roith\AppData\Local\Programs\MiKTeX 2.9\tex/generic/oberdiek\ifp
df.sty"
Package: ifpdf 2018/09/07 v3.3 Provides the ifpdf switch
)
("C:\Users\Tim Roith\AppData\Local\Programs\MiKTeX 2.9\tex/generic/oberdiek\ifv
tex.sty"
Package: ifvtex 2016/05/16 v1.6 Detect VTeX and its facilities (HO)
Package ifvtex Info: VTeX not detected.
)
("C:\Users\Tim Roith\AppData\Local\Programs\MiKTeX 2.9\tex/generic/ifxetex\ifxe
tex.sty"
Package: ifxetex 2010/09/12 v0.6 Provides ifxetex conditional
)
\Gm@cnth=\count91
\Gm@cntv=\count92
\c@Gm@tempcnt=\count93
\Gm@bindingoffset=\dimen103
\Gm@wd@mp=\dimen104
\Gm@odd@mp=\dimen105
\Gm@even@mp=\dimen106
\Gm@layoutwidth=\dimen107
\Gm@layoutheight=\dimen108
\Gm@layouthoffset=\dimen109
\Gm@layoutvoffset=\dimen110
\Gm@dimlist=\toks16

("C:\Users\Tim Roith\AppData\Local\Programs\MiKTeX 2.9\tex/latex/geometry\geome
try.cfg"))

Class scrbook Warning: Usage of package `fancyhdr' together
(scrbook)              with a KOMA-Script class is not recommended.
(scrbook)              I'd suggest to use 
(scrbook)              package `scrlayer' or `scrlayer-scrpage', because
(scrbook)              they support KOMA-Script classes.
(scrbook)              With `fancyhdr' several features of class `scrbook'
(scrbook)              like options `headsepline', `footsepline' or command
(scrbook)              `\MakeMarkcase' and the commands `\setkomafont' and
(scrbook)              `\addtokomafont' for the page style elements need
(scrbook)              explicite user intervention to work.
(scrbook)              Nevertheless, using requested
(scrbook)              package `fancyhdr' on input line 74.


("C:\Users\Tim Roith\AppData\Local\Programs\MiKTeX 2.9\tex/latex/fancyhdr\fancy
hdr.sty"
Package: fancyhdr 2019/01/31 v3.10 Extensive control of page headers and footer
s
\f@nch@headwidth=\skip58
\f@nch@O@elh=\skip59
\f@nch@O@erh=\skip60
\f@nch@O@olh=\skip61
\f@nch@O@orh=\skip62
\f@nch@O@elf=\skip63
\f@nch@O@erf=\skip64
\f@nch@O@olf=\skip65
\f@nch@O@orf=\skip66
)
("C:\Users\Tim Roith\AppData\Local\Programs\MiKTeX 2.9\tex/latex/xcolor\xcolor.
sty"
Package: xcolor 2016/05/11 v2.12 LaTeX color extensions (UK)

("C:\Users\Tim Roith\AppData\Local\Programs\MiKTeX 2.9\tex/latex/graphics-cfg\c
olor.cfg"
File: color.cfg 2016/01/02 v1.6 sample color configuration
)
Package xcolor Info: Driver file: pdftex.def on input line 225.

("C:\Users\Tim Roith\AppData\Local\Programs\MiKTeX 2.9\tex/latex/graphics-def\p
dftex.def"
File: pdftex.def 2018/01/08 v1.0l Graphics/color driver for pdftex
)
Package xcolor Info: Model `cmy' substituted by `cmy0' on input line 1348.
Package xcolor Info: Model `hsb' substituted by `rgb' on input line 1352.
Package xcolor Info: Model `RGB' extended on input line 1364.
Package xcolor Info: Model `HTML' substituted by `rgb' on input line 1366.
Package xcolor Info: Model `Hsb' substituted by `hsb' on input line 1367.
Package xcolor Info: Model `tHsb' substituted by `hsb' on input line 1368.
Package xcolor Info: Model `HSB' substituted by `hsb' on input line 1369.
Package xcolor Info: Model `Gray' substituted by `gray' on input line 1370.
Package xcolor Info: Model `wave' substituted by `hsb' on input line 1371.
)
("C:\Users\Tim Roith\AppData\Local\Programs\MiKTeX 2.9\tex/generic/babel\babel.
sty"
Package: babel 2019/09/27 3.34 The Babel package

("C:\Users\Tim Roith\AppData\Local\Programs\MiKTeX 2.9\tex/generic/babel\switch
.def"
File: switch.def 2019/09/27 3.34 Babel switching mechanism
)
*************************************
* Local config file bblopts.cfg used
*

("C:\Users\Tim Roith\AppData\Local\Programs\MiKTeX 2.9\tex/latex/arabi\bblopts.
cfg"
File: bblopts.cfg 2005/09/08 v0.1 add Arabic and Farsi to "declared" options of
 babel
)
("C:\Users\Tim Roith\AppData\Local\Programs\MiKTeX 2.9\tex/latex/babel-english\
american.ldf"
Language: american 2017/06/06 v3.3r English support from the babel system

("C:\Users\Tim Roith\AppData\Local\Programs\MiKTeX 2.9\tex/latex/babel-english\
english.ldf"
Language: english 2017/06/06 v3.3r English support from the babel system

("C:\Users\Tim Roith\AppData\Local\Programs\MiKTeX 2.9\tex/generic/babel\babel.
def"
File: babel.def 2019/09/27 3.34 Babel common definitions
\babel@savecnt=\count94
\U@D=\dimen111

("C:\Users\Tim Roith\AppData\Local\Programs\MiKTeX 2.9\tex/generic/babel\txtbab
el.def")
\bbl@dirlevel=\count95
)
\l@canadian = a dialect from \language\l@american 
\l@australian = a dialect from \language\l@british 
\l@newzealand = a dialect from \language\l@british 
))
("C:\Users\Tim Roith\AppData\Local\Programs\MiKTeX 2.9\tex/latex/babel-german\g
erman.ldf"
Language: german 2018/12/08 v2.11 German support for babel (pre-1996 orthograph
y)

("C:\Users\Tim Roith\AppData\Local\Programs\MiKTeX 2.9\tex/latex/babel-german\g
ermanb.ldf"
Language: germanb 2018/12/08 v2.11 German support for babel (pre-1996 orthograp
hy)
Package babel Info: Making " an active character on input line 135.
)))
("C:\Users\Tim Roith\AppData\Local\Programs\MiKTeX 2.9\tex/latex/datetime\datet
ime.sty"
Package: datetime 2015/03/20 v2.60 Date Time Package

("C:\Users\Tim Roith\AppData\Local\Programs\MiKTeX 2.9\tex/latex/etoolbox\etool
box.sty"
Package: etoolbox 2019/09/21 v2.5h e-TeX tools for LaTeX (JAW)
\etb@tempcnta=\count96
)
("C:\Users\Tim Roith\AppData\Local\Programs\MiKTeX 2.9\tex/latex/fmtcount\fmtco
unt.sty"
Package: fmtcount 2020/01/30 v3.07

("C:\Users\Tim Roith\AppData\Local\Programs\MiKTeX 2.9\tex/latex/base\ifthen.st
y"
Package: ifthen 2014/09/29 v1.1c Standard LaTeX ifthen package (DPC)
)
("C:\Users\Tim Roith\AppData\Local\Programs\MiKTeX 2.9\tex/latex/fmtcount\fcpre
fix.sty"
Package: fcprefix 2012/09/28

("C:\Users\Tim Roith\AppData\Local\Programs\MiKTeX 2.9\tex/latex/fmtcount\fcnum
parser.sty"
Package: fcnumparser 2017/06/15
\fc@digit@counter=\count97
))
("C:\Users\Tim Roith\AppData\Local\Programs\MiKTeX 2.9\tex/latex/amsmath\amsgen
.sty"
File: amsgen.sty 1999/11/30 v2.0 generic functions
\@emptytoks=\toks17
\ex@=\dimen112
)
\c@padzeroesN=\count98
\fc@tmpcatcode=\count99

("C:\Users\Tim Roith\AppData\Local\Programs\MiKTeX 2.9\tex/latex/fmtcount\fc-en
glish.def"
File: fc-english.def 2016/01/12
)
("C:\Users\Tim Roith\AppData\Local\Programs\MiKTeX 2.9\tex/latex/fmtcount\fc-am
erican.def"
File: fc-american.def 2016/01/12

("C:\Users\Tim Roith\AppData\Local\Programs\MiKTeX 2.9\tex/latex/fmtcount\fc-US
english.def"
File: fc-USenglish.def 2013/08/17
))
("C:\Users\Tim Roith\AppData\Local\Programs\MiKTeX 2.9\tex/latex/fmtcount\fc-ge
rman.def"
File: fc-german.def 2018/06/17

("C:\Users\Tim Roith\AppData\Local\Programs\MiKTeX 2.9\tex/latex/fmtcount\fc-ge
rmanb.def"
File: fc-germanb.def 2013/08/17
))
\@DT@modctr=\count100
\@ordinalctr=\count101
\@orgargctr=\count102
\@strctr=\count103
\@tmpstrctr=\count104
\@DT@loopN=\count105
\@DT@X=\count106
)
("C:\Users\Tim Roith\AppData\Local\Programs\MiKTeX 2.9\tex/latex/datetime\datet
ime-defaults.sty"
Package: datetime-defaults 2013/09/10
)
\@day=\count107
\@month=\count108
\@year=\count109
\c@HOUR=\count110
\c@HOURXII=\count111
\c@MINUTE=\count112
\c@TOHOUR=\count113
\c@TOMINUTE=\count114
\c@SECOND=\count115
\currenthour=\count116
\currentminute=\count117
\currentsecond=\count118
Package datetime Info: No datetime.cfg file found, using default settings on in
put line 308.

("C:\Users\Tim Roith\AppData\Local\Programs\MiKTeX 2.9\tex/latex/datetime\dt-ng
erman.def"
File: dt-ngerman.def 2013/09/10
)
\@dtctr=\count119
\dayofyear=\count120
\dayofweek=\count121
LaTeX Info: Redefining \today on input line 736.

("C:\Users\Tim Roith\AppData\Local\Programs\MiKTeX 2.9\tex/latex/datetime\dt-am
erican.def"
File: dt-american.def 2013/09/10
)
("C:\Users\Tim Roith\AppData\Local\Programs\MiKTeX 2.9\tex/latex/datetime\dt-ge
rman.def"
File: dt-german.def 2010/09/10
LaTeX Info: Redefining \dategerman on input line 86.
)
\dt@a=\toks18
\dt@b=\toks19
)
("C:\Users\Tim Roith\AppData\Local\Programs\MiKTeX 2.9\tex/latex/csquotes\csquo
tes.sty"
Package: csquotes 2019/05/10 v5.2e context-sensitive quotations (JAW)
\csq@reset=\count122
\csq@gtype=\count123
\csq@glevel=\count124
\csq@qlevel=\count125
\csq@maxlvl=\count126
\csq@tshold=\count127
\csq@ltx@everypar=\toks20

("C:\Users\Tim Roith\AppData\Local\Programs\MiKTeX 2.9\tex/latex/csquotes\csquo
tes.def"
File: csquotes.def 2019/05/10 v5.2e csquotes generic definitions (JAW)
)
Package csquotes Info: Trying to load configuration file 'csquotes.cfg'...
Package csquotes Info: ... configuration file loaded successfully.

("C:\Users\Tim Roith\AppData\Local\Programs\MiKTeX 2.9\tex/latex/csquotes\csquo
tes.cfg"
File: csquotes.cfg 
))
("C:\Users\Tim Roith\AppData\Local\Programs\MiKTeX 2.9\tex/latex/biblatex\bibla
tex.sty"
Package: biblatex 2019/08/31 v3.13a programmable bibliographies (PK/MW)

("C:\Users\Tim Roith\AppData\Local\Programs\MiKTeX 2.9\tex/generic/oberdiek\pdf
texcmds.sty"
Package: pdftexcmds 2019/07/25 v0.30 Utility functions of pdfTeX for LuaTeX (HO
)

("C:\Users\Tim Roith\AppData\Local\Programs\MiKTeX 2.9\tex/generic/oberdiek\inf
warerr.sty"
Package: infwarerr 2016/05/16 v1.4 Providing info/warning/error messages (HO)
)
("C:\Users\Tim Roith\AppData\Local\Programs\MiKTeX 2.9\tex/generic/oberdiek\ifl
uatex.sty"
Package: ifluatex 2016/05/16 v1.4 Provides the ifluatex switch (HO)
Package ifluatex Info: LuaTeX not detected.
)
("C:\Users\Tim Roith\AppData\Local\Programs\MiKTeX 2.9\tex/generic/oberdiek\ltx
cmds.sty"
Package: ltxcmds 2016/05/16 v1.23 LaTeX kernel commands for general use (HO)
)
Package pdftexcmds Info: LuaTeX not detected.
Package pdftexcmds Info: \pdf@primitive is available.
Package pdftexcmds Info: \pdf@ifprimitive is available.
Package pdftexcmds Info: \pdfdraftmode found.
)
("C:\Users\Tim Roith\AppData\Local\Programs\MiKTeX 2.9\tex/latex/oberdiek\kvopt
ions.sty"
Package: kvoptions 2016/05/16 v3.12 Key value format for package options (HO)

("C:\Users\Tim Roith\AppData\Local\Programs\MiKTeX 2.9\tex/generic/oberdiek\kvs
etkeys.sty"
Package: kvsetkeys 2016/05/16 v1.17 Key value parser (HO)

("C:\Users\Tim Roith\AppData\Local\Programs\MiKTeX 2.9\tex/generic/oberdiek\ete
xcmds.sty"
Package: etexcmds 2016/05/16 v1.6 Avoid name clashes with e-TeX commands (HO)
)))
("C:\Users\Tim Roith\AppData\Local\Programs\MiKTeX 2.9\tex/latex/logreq\logreq.
sty"
Package: logreq 2010/08/04 v1.0 xml request logger
\lrq@indent=\count128

("C:\Users\Tim Roith\AppData\Local\Programs\MiKTeX 2.9\tex/latex/logreq\logreq.
def"
File: logreq.def 2010/08/04 v1.0 logreq spec v1.0
))
("C:\Users\Tim Roith\AppData\Local\Programs\MiKTeX 2.9\tex/latex/url\url.sty"
\Urlmuskip=\muskip10
Package: url 2013/09/16  ver 3.4  Verb mode for urls, etc.
)
\c@tabx@nest=\count129
\c@listtotal=\count130
\c@listcount=\count131
\c@liststart=\count132
\c@liststop=\count133
\c@citecount=\count134
\c@citetotal=\count135
\c@multicitecount=\count136
\c@multicitetotal=\count137
\c@instcount=\count138
\c@maxnames=\count139
\c@minnames=\count140
\c@maxitems=\count141
\c@minitems=\count142
\c@citecounter=\count143
\c@maxcitecounter=\count144
\c@savedcitecounter=\count145
\c@uniquelist=\count146
\c@uniquename=\count147
\c@refsection=\count148
\c@refsegment=\count149
\c@maxextratitle=\count150
\c@maxextratitleyear=\count151
\c@maxextraname=\count152
\c@maxextradate=\count153
\c@maxextraalpha=\count154
\c@abbrvpenalty=\count155
\c@highnamepenalty=\count156
\c@lownamepenalty=\count157
\c@maxparens=\count158
\c@parenlevel=\count159
\blx@tempcnta=\count160
\blx@tempcntb=\count161
\blx@tempcntc=\count162
\blx@maxsection=\count163
\blx@maxsegment@0=\count164
\blx@notetype=\count165
\blx@parenlevel@text=\count166
\blx@parenlevel@foot=\count167
\blx@sectionciteorder@0=\count168
\blx@entrysetcounter=\count169
\labelnumberwidth=\skip67
\labelalphawidth=\skip68
\biblabelsep=\skip69
\bibitemsep=\skip70
\bibnamesep=\skip71
\bibinitsep=\skip72
\bibparsep=\skip73
\bibhang=\skip74
\blx@bcfin=\read1
\blx@bcfout=\write3
\blx@langwohyphens=\language82
\c@mincomprange=\count170
\c@maxcomprange=\count171
\c@mincompwidth=\count172
Package biblatex Info: Trying to load biblatex default data model...
Package biblatex Info: ... file 'blx-dm.def' found.

("C:\Users\Tim Roith\AppData\Local\Programs\MiKTeX 2.9\tex/latex/biblatex\blx-d
m.def"
File: blx-dm.def 2019/08/31 v3.13a biblatex localization (PK/MW)
)
Package biblatex Info: Trying to load biblatex style data model...
Package biblatex Info: ... file 'numeric-comp.dbx' not found.
Package biblatex Info: Trying to load biblatex custom data model...
Package biblatex Info: ... file 'biblatex-dm.cfg' not found.
\c@afterword=\count173
\c@savedafterword=\count174
\c@annotator=\count175
\c@savedannotator=\count176
\c@author=\count177
\c@savedauthor=\count178
\c@bookauthor=\count179
\c@savedbookauthor=\count180
\c@commentator=\count181
\c@savedcommentator=\count182
\c@editor=\count183
\c@savededitor=\count184
\c@editora=\count185
\c@savededitora=\count186
\c@editorb=\count187
\c@savededitorb=\count188
\c@editorc=\count189
\c@savededitorc=\count190
\c@foreword=\count191
\c@savedforeword=\count192
\c@holder=\count193
\c@savedholder=\count194
\c@introduction=\count195
\c@savedintroduction=\count196
\c@namea=\count197
\c@savednamea=\count198
\c@nameb=\count199
\c@savednameb=\count266
\c@namec=\count267
\c@savednamec=\count268
\c@translator=\count269
\c@savedtranslator=\count270
\c@shortauthor=\count271
\c@savedshortauthor=\count272
\c@shorteditor=\count273
\c@savedshorteditor=\count274
\c@labelname=\count275
\c@savedlabelname=\count276
\c@institution=\count277
\c@savedinstitution=\count278
\c@lista=\count279
\c@savedlista=\count280
\c@listb=\count281
\c@savedlistb=\count282
\c@listc=\count283
\c@savedlistc=\count284
\c@listd=\count285
\c@savedlistd=\count286
\c@liste=\count287
\c@savedliste=\count288
\c@listf=\count289
\c@savedlistf=\count290
\c@location=\count291
\c@savedlocation=\count292
\c@organization=\count293
\c@savedorganization=\count294
\c@origlocation=\count295
\c@savedoriglocation=\count296
\c@origpublisher=\count297
\c@savedorigpublisher=\count298
\c@publisher=\count299
\c@savedpublisher=\count300
\c@language=\count301
\c@savedlanguage=\count302
\c@origlanguage=\count303
\c@savedoriglanguage=\count304
\c@pageref=\count305
\c@savedpageref=\count306
\shorthandwidth=\skip75
\shortjournalwidth=\skip76
\shortserieswidth=\skip77
\shorttitlewidth=\skip78
\shortauthorwidth=\skip79
\shorteditorwidth=\skip80
\locallabelnumberwidth=\skip81
\locallabelalphawidth=\skip82
\localshorthandwidth=\skip83
\localshortjournalwidth=\skip84
\localshortserieswidth=\skip85
\localshorttitlewidth=\skip86
\localshortauthorwidth=\skip87
\localshorteditorwidth=\skip88
Package biblatex Info: Trying to load compatibility code...
Package biblatex Info: ... file 'blx-compat.def' found.

("C:\Users\Tim Roith\AppData\Local\Programs\MiKTeX 2.9\tex/latex/biblatex\blx-c
ompat.def"
File: blx-compat.def 2019/08/31 v3.13a biblatex compatibility (PK/MW)
)
Package biblatex Info: Trying to load BibTeX backend compatibility...
Package biblatex Info: ... file 'blx-bibtex.def' found.

("C:\Users\Tim Roith\AppData\Local\Programs\MiKTeX 2.9\tex/latex/biblatex\blx-b
ibtex.def"
File: blx-bibtex.def 2019/08/31 v3.13a biblatex compatibility (PK/MW)


Package biblatex Warning: Using fall-back BibTeX(8) backend:
(biblatex)                functionality may be reduced/unavailable.

)
Package biblatex Info: Trying to load generic definitions...
Package biblatex Info: ... file 'biblatex.def' found.

("C:\Users\Tim Roith\AppData\Local\Programs\MiKTeX 2.9\tex/latex/biblatex\bibla
tex.def"
File: biblatex.def 2019/08/31 v3.13a biblatex compatibility (PK/MW)
\c@textcitecount=\count307
\c@textcitetotal=\count308
\c@textcitemaxnames=\count309
\c@biburlbigbreakpenalty=\count310
\c@biburlbreakpenalty=\count311
\c@biburlnumpenalty=\count312
\c@biburlucpenalty=\count313
\c@biburllcpenalty=\count314
\biburlbigskip=\muskip11
\biburlnumskip=\muskip12
\biburlucskip=\muskip13
\biburllcskip=\muskip14
\c@smartand=\count315
)
Package biblatex Info: Trying to load bibliography style 'numeric-comp'...
Package biblatex Info: ... file 'numeric-comp.bbx' found.

("C:\Users\Tim Roith\AppData\Local\Programs\MiKTeX 2.9\tex/latex/biblatex/bbx\n
umeric-comp.bbx"
File: numeric-comp.bbx 2019/08/31 v3.13a biblatex bibliography style (PK/MW)
Package biblatex Info: Trying to load bibliography style 'numeric'...
Package biblatex Info: ... file 'numeric.bbx' found.

("C:\Users\Tim Roith\AppData\Local\Programs\MiKTeX 2.9\tex/latex/biblatex/bbx\n
umeric.bbx"
File: numeric.bbx 2019/08/31 v3.13a biblatex bibliography style (PK/MW)
Package biblatex Info: Trying to load bibliography style 'standard'...
Package biblatex Info: ... file 'standard.bbx' found.

("C:\Users\Tim Roith\AppData\Local\Programs\MiKTeX 2.9\tex/latex/biblatex/bbx\s
tandard.bbx"
File: standard.bbx 2019/08/31 v3.13a biblatex bibliography style (PK/MW)
\c@bbx:relatedcount=\count316
\c@bbx:relatedtotal=\count317
)))
Package biblatex Info: Trying to load citation style 'numeric-comp'...
Package biblatex Info: ... file 'numeric-comp.cbx' found.

("C:\Users\Tim Roith\AppData\Local\Programs\MiKTeX 2.9\tex/latex/biblatex/cbx\n
umeric-comp.cbx"
File: numeric-comp.cbx 2019/08/31 v3.13a biblatex citation style (PK/MW)
\c@cbx@tempcnta=\count318
\c@cbx@tempcntb=\count319
Package biblatex Info: Redefining '\cite'.
Package biblatex Info: Redefining '\parencite'.
Package biblatex Info: Redefining '\footcite'.
Package biblatex Info: Redefining '\footcitetext'.
Package biblatex Info: Redefining '\smartcite'.
Package biblatex Info: Redefining '\supercite'.
Package biblatex Info: Redefining '\textcite'.
Package biblatex Info: Redefining '\textcites'.
Package biblatex Info: Redefining '\cites'.
Package biblatex Info: Redefining '\parencites'.
Package biblatex Info: Redefining '\smartcites'.
)
Package biblatex Info: Trying to load configuration file...
Package biblatex Info: ... file 'biblatex.cfg' found.

("C:\Users\Tim Roith\AppData\Local\Programs\MiKTeX 2.9\tex/latex/biblatex\bibla
tex.cfg"
File: biblatex.cfg 
))
("C:\Users\Tim Roith\AppData\Local\Programs\MiKTeX 2.9\tex/latex/amsmath\amsmat
h.sty"
Package: amsmath 2019/04/01 v2.17c AMS math features
\@mathmargin=\skip89

For additional information on amsmath, use the `?' option.

("C:\Users\Tim Roith\AppData\Local\Programs\MiKTeX 2.9\tex/latex/amsmath\amstex
t.sty"
Package: amstext 2000/06/29 v2.01 AMS text
)
("C:\Users\Tim Roith\AppData\Local\Programs\MiKTeX 2.9\tex/latex/amsmath\amsbsy
.sty"
Package: amsbsy 1999/11/29 v1.2d Bold Symbols
\pmbraise@=\dimen113
)
("C:\Users\Tim Roith\AppData\Local\Programs\MiKTeX 2.9\tex/latex/amsmath\amsopn
.sty"
Package: amsopn 2016/03/08 v2.02 operator names
)
\inf@bad=\count320
LaTeX Info: Redefining \frac on input line 227.
\uproot@=\count321
\leftroot@=\count322
LaTeX Info: Redefining \overline on input line 389.
\classnum@=\count323
\DOTSCASE@=\count324
LaTeX Info: Redefining \ldots on input line 486.
LaTeX Info: Redefining \dots on input line 489.
LaTeX Info: Redefining \cdots on input line 610.
\Mathstrutbox@=\box29
\strutbox@=\box30
\big@size=\dimen114
LaTeX Font Info:    Redeclaring font encoding OML on input line 733.
LaTeX Font Info:    Redeclaring font encoding OMS on input line 734.
\macc@depth=\count325
\c@MaxMatrixCols=\count326
\dotsspace@=\muskip15
\c@parentequation=\count327
\dspbrk@lvl=\count328
\tag@help=\toks21
\row@=\count329
\column@=\count330
\maxfields@=\count331
\andhelp@=\toks22
\eqnshift@=\dimen115
\alignsep@=\dimen116
\tagshift@=\dimen117
\tagwidth@=\dimen118
\totwidth@=\dimen119
\lineht@=\dimen120
\@envbody=\toks23
\multlinegap=\skip90
\multlinetaggap=\skip91
\mathdisplay@stack=\toks24
LaTeX Info: Redefining \[ on input line 2855.
LaTeX Info: Redefining \] on input line 2856.
)
("C:\Users\Tim Roith\AppData\Local\Programs\MiKTeX 2.9\tex/latex/amsfonts\amssy
mb.sty"
Package: amssymb 2013/01/14 v3.01 AMS font symbols

("C:\Users\Tim Roith\AppData\Local\Programs\MiKTeX 2.9\tex/latex/amsfonts\amsfo
nts.sty"
Package: amsfonts 2013/01/14 v3.01 Basic AMSFonts support
\symAMSa=\mathgroup4
\symAMSb=\mathgroup5
LaTeX Font Info:    Redeclaring math symbol \hbar on input line 98.
LaTeX Font Info:    Overwriting math alphabet `\mathfrak' in version `bold'
(Font)                  U/euf/m/n --> U/euf/b/n on input line 106.
))
("C:\Users\Tim Roith\AppData\Local\Programs\MiKTeX 2.9\tex/latex/amscls\amsthm.
sty"
Package: amsthm 2017/10/31 v2.20.4
\thm@style=\toks25
\thm@bodyfont=\toks26
\thm@headfont=\toks27
\thm@notefont=\toks28
\thm@headpunct=\toks29
\thm@preskip=\skip92
\thm@postskip=\skip93
\thm@headsep=\skip94
\dth@everypar=\toks30
)
("C:\Users\Tim Roith\AppData\Local\Programs\MiKTeX 2.9\tex/latex/xpatch\xpatch.
sty"
("C:\Users\Tim Roith\AppData\Local\Programs\MiKTeX 2.9\tex/latex/l3kernel\expl3
.sty"
Package: expl3 2019-11-07 L3 programming layer (loader) 

("C:\Users\Tim Roith\AppData\Local\Programs\MiKTeX 2.9\tex/latex/l3kernel\expl3
-code.tex"
Package: expl3 2019-11-07 L3 programming layer (code)
\c_max_int=\count332
\l_tmpa_int=\count333
\l_tmpb_int=\count334
\g_tmpa_int=\count335
\g_tmpb_int=\count336
\l__seq_internal_a_int=\count337
\l__seq_internal_b_int=\count338
\g__kernel_prg_map_int=\count339
\c__ior_term_noprompt_ior=\count340
\c_log_iow=\count341
\l_iow_line_count_int=\count342
\l__iow_line_target_int=\count343
\l__iow_one_indent_int=\count344
\l__iow_indent_int=\count345
\c_zero_dim=\dimen121
\c_max_dim=\dimen122
\l_tmpa_dim=\dimen123
\l_tmpb_dim=\dimen124
\g_tmpa_dim=\dimen125
\g_tmpb_dim=\dimen126
\c_zero_skip=\skip95
\c_max_skip=\skip96
\l_tmpa_skip=\skip97
\l_tmpb_skip=\skip98
\g_tmpa_skip=\skip99
\g_tmpb_skip=\skip100
\c_zero_muskip=\muskip16
\c_max_muskip=\muskip17
\l_tmpa_muskip=\muskip18
\l_tmpb_muskip=\muskip19
\g_tmpa_muskip=\muskip20
\g_tmpb_muskip=\muskip21
\l_keys_choice_int=\count346
\l__intarray_loop_int=\count347
\c__intarray_sp_dim=\dimen127
\g__intarray_font_int=\count348
\c__fp_leading_shift_int=\count349
\c__fp_middle_shift_int=\count350
\c__fp_trailing_shift_int=\count351
\c__fp_big_leading_shift_int=\count352
\c__fp_big_middle_shift_int=\count353
\c__fp_big_trailing_shift_int=\count354
\c__fp_Bigg_leading_shift_int=\count355
\c__fp_Bigg_middle_shift_int=\count356
\c__fp_Bigg_trailing_shift_int=\count357
\c__kernel_randint_max_int=\count358
\g__fp_array_int=\count359
\l__fp_array_loop_int=\count360
\l__sort_length_int=\count361
\l__sort_min_int=\count362
\l__sort_top_int=\count363
\l__sort_max_int=\count364
\l__sort_true_max_int=\count365
\l__sort_block_int=\count366
\l__sort_begin_int=\count367
\l__sort_end_int=\count368
\l__sort_A_int=\count369
\l__sort_B_int=\count370
\l__sort_C_int=\count371
\l__str_internal_int=\count372
\c__str_replacement_char_int=\count373
\l__tl_analysis_normal_int=\count374
\l__tl_analysis_index_int=\count375
\l__tl_analysis_nesting_int=\count376
\l__tl_analysis_type_int=\count377
\l__regex_internal_a_int=\count378
\l__regex_internal_b_int=\count379
\l__regex_internal_c_int=\count380
\l__regex_balance_int=\count381
\l__regex_group_level_int=\count382
\l__regex_mode_int=\count383
\c__regex_cs_in_class_mode_int=\count384
\c__regex_cs_mode_int=\count385
\l__regex_catcodes_int=\count386
\l__regex_default_catcodes_int=\count387
\c__regex_catcode_D_int=\count388
\c__regex_catcode_S_int=\count389
\c__regex_catcode_L_int=\count390
\c__regex_catcode_O_int=\count391
\c__regex_catcode_A_int=\count392
\c__regex_all_catcodes_int=\count393
\l__regex_show_lines_int=\count394
\l__regex_min_state_int=\count395
\l__regex_max_state_int=\count396
\l__regex_left_state_int=\count397
\l__regex_right_state_int=\count398
\l__regex_capturing_group_int=\count399
\l__regex_min_pos_int=\count400
\l__regex_max_pos_int=\count401
\l__regex_curr_pos_int=\count402
\l__regex_start_pos_int=\count403
\l__regex_success_pos_int=\count404
\l__regex_curr_char_int=\count405
\l__regex_curr_catcode_int=\count406
\l__regex_last_char_int=\count407
\l__regex_case_changed_char_int=\count408
\l__regex_curr_state_int=\count409
\l__regex_step_int=\count410
\l__regex_min_active_int=\count411
\l__regex_max_active_int=\count412
\l__regex_replacement_csnames_int=\count413
\l__regex_match_count_int=\count414
\l__regex_min_submatch_int=\count415
\l__regex_submatch_int=\count416
\l__regex_zeroth_submatch_int=\count417
\g__regex_trace_regex_int=\count418
\c_empty_box=\box31
\l_tmpa_box=\box32
\l_tmpb_box=\box33
\g_tmpa_box=\box34
\g_tmpb_box=\box35
\l__box_top_dim=\dimen128
\l__box_bottom_dim=\dimen129
\l__box_left_dim=\dimen130
\l__box_right_dim=\dimen131
\l__box_top_new_dim=\dimen132
\l__box_bottom_new_dim=\dimen133
\l__box_left_new_dim=\dimen134
\l__box_right_new_dim=\dimen135
\l__box_internal_box=\box36
\l__coffin_internal_box=\box37
\l__coffin_internal_dim=\dimen136
\l__coffin_offset_x_dim=\dimen137
\l__coffin_offset_y_dim=\dimen138
\l__coffin_x_dim=\dimen139
\l__coffin_y_dim=\dimen140
\l__coffin_x_prime_dim=\dimen141
\l__coffin_y_prime_dim=\dimen142
\c_empty_coffin=\box38
\l__coffin_aligned_coffin=\box39
\l__coffin_aligned_internal_coffin=\box40
\l_tmpa_coffin=\box41
\l_tmpb_coffin=\box42
\g_tmpa_coffin=\box43
\g_tmpb_coffin=\box44
\l__coffin_bounding_shift_dim=\dimen143
\l__coffin_left_corner_dim=\dimen144
\l__coffin_right_corner_dim=\dimen145
\l__coffin_bottom_corner_dim=\dimen146
\l__coffin_top_corner_dim=\dimen147
\l__coffin_scaled_total_height_dim=\dimen148
\l__coffin_scaled_width_dim=\dimen149
\c__coffin_empty_coffin=\box45
\l__coffin_display_coffin=\box46
\l__coffin_display_coord_coffin=\box47
\l__coffin_display_pole_coffin=\box48
\l__coffin_display_offset_dim=\dimen150
\l__coffin_display_x_dim=\dimen151
\l__coffin_display_y_dim=\dimen152
\g__char_data_ior=\read2

("C:\Users\Tim Roith\AppData\Local\Programs\MiKTeX 2.9\tex/latex/l3kernel\l3dep
recation.def"
File: l3deprecation.def 2019-04-06 v L3 Deprecated functions
))
("C:\Users\Tim Roith\AppData\Local\Programs\MiKTeX 2.9\tex/latex/l3backend\l3ba
ckend-pdfmode.def"
File: l3backend-pdfmode.def 2019-04-06 L3 backend support: PDF mode
\l__kernel_color_stack_int=\count419
\l__pdf_internal_box=\box49
))
Package: xpatch 2012/10/02 v0.3 Extending etoolbox patching commands

("C:\Users\Tim Roith\AppData\Local\Programs\MiKTeX 2.9\tex/latex/l3packages/xpa
rse\xparse.sty"
Package: xparse 2019-10-11 L3 Experimental document command parser
\l__xparse_current_arg_int=\count420
\g__xparse_grabber_int=\count421
\l__xparse_m_args_int=\count422
\l__xparse_v_nesting_int=\count423
))
Class scrbook Info: amsthm's \deferred@thm@head patched.

("C:\Users\Tim Roith\AppData\Local\Programs\MiKTeX 2.9\tex/latex/hyperref\hyper
ref.sty"
Package: hyperref 2019/09/28 v7.00a Hypertext links for LaTeX

("C:\Users\Tim Roith\AppData\Local\Programs\MiKTeX 2.9\tex/generic/oberdiek\hob
sub-hyperref.sty"
Package: hobsub-hyperref 2016/05/16 v1.14 Bundle oberdiek, subset hyperref (HO)


("C:\Users\Tim Roith\AppData\Local\Programs\MiKTeX 2.9\tex/generic/oberdiek\hob
sub-generic.sty"
Package: hobsub-generic 2016/05/16 v1.14 Bundle oberdiek, subset generic (HO)
Package: hobsub 2016/05/16 v1.14 Construct package bundles (HO)
Package hobsub Info: Skipping package `infwarerr' (already loaded).
Package hobsub Info: Skipping package `ltxcmds' (already loaded).
Package hobsub Info: Skipping package `ifluatex' (already loaded).
Package hobsub Info: Skipping package `ifvtex' (already loaded).
Package: intcalc 2016/05/16 v1.2 Expandable calculations with integers (HO)
Package hobsub Info: Skipping package `ifpdf' (already loaded).
Package hobsub Info: Skipping package `etexcmds' (already loaded).
Package hobsub Info: Skipping package `kvsetkeys' (already loaded).
Package: kvdefinekeys 2016/05/16 v1.4 Define keys (HO)
Package hobsub Info: Skipping package `pdftexcmds' (already loaded).
Package: pdfescape 2016/05/16 v1.14 Implements pdfTeX's escape features (HO)
Package: bigintcalc 2016/05/16 v1.4 Expandable calculations on big integers (HO
)
Package: bitset 2016/05/16 v1.2 Handle bit-vector datatype (HO)
Package: uniquecounter 2016/05/16 v1.3 Provide unlimited unique counter (HO)
)
Package hobsub Info: Skipping package `hobsub' (already loaded).
Package: letltxmacro 2016/05/16 v1.5 Let assignment for LaTeX macros (HO)
Package: hopatch 2016/05/16 v1.3 Wrapper for package hooks (HO)
Package: xcolor-patch 2016/05/16 xcolor patch
Package: atveryend 2016/05/16 v1.9 Hooks at the very end of document (HO)
Package: atbegshi 2016/06/09 v1.18 At begin shipout hook (HO)
Package: refcount 2016/05/16 v3.5 Data extraction from label references (HO)
Package: hycolor 2016/05/16 v1.8 Color options for hyperref/bookmark (HO)
)
("C:\Users\Tim Roith\AppData\Local\Programs\MiKTeX 2.9\tex/latex/oberdiek\auxho
ok.sty"
Package: auxhook 2016/05/16 v1.4 Hooks for auxiliary files (HO)
)
\@linkdim=\dimen153
\Hy@linkcounter=\count424
\Hy@pagecounter=\count425

("C:\Users\Tim Roith\AppData\Local\Programs\MiKTeX 2.9\tex/latex/hyperref\pd1en
c.def"
File: pd1enc.def 2019/09/28 v7.00a Hyperref: PDFDocEncoding definition (HO)
Now handling font encoding PD1 ...
... no UTF-8 mapping file for font encoding PD1
)
\Hy@SavedSpaceFactor=\count426

("C:\Users\Tim Roith\AppData\Local\Programs\MiKTeX 2.9\tex/latex/00miktex\hyper
ref.cfg"
File: hyperref.cfg 2002/06/06 v1.2 hyperref configuration of TeXLive
)
Package hyperref Info: Hyper figures OFF on input line 4540.
Package hyperref Info: Link nesting OFF on input line 4545.
Package hyperref Info: Hyper index ON on input line 4548.
Package hyperref Info: Plain pages OFF on input line 4555.
Package hyperref Info: Backreferencing OFF on input line 4560.
Package hyperref Info: Implicit mode ON; LaTeX internals redefined.
Package hyperref Info: Bookmarks ON on input line 4793.
\c@Hy@tempcnt=\count427
LaTeX Info: Redefining \url on input line 5152.
\XeTeXLinkMargin=\dimen154
\Fld@menulength=\count428
\Field@Width=\dimen155
\Fld@charsize=\dimen156
Package hyperref Info: Hyper figures OFF on input line 6423.
Package hyperref Info: Link nesting OFF on input line 6428.
Package hyperref Info: Hyper index ON on input line 6431.
Package hyperref Info: backreferencing OFF on input line 6438.
Package hyperref Info: Link coloring OFF on input line 6443.
Package hyperref Info: Link coloring with OCG OFF on input line 6448.
Package hyperref Info: PDF/A mode OFF on input line 6453.
LaTeX Info: Redefining \ref on input line 6493.
LaTeX Info: Redefining \pageref on input line 6497.
\Hy@abspage=\count429
\c@Item=\count430
\c@Hfootnote=\count431
)
Package hyperref Info: Driver (autodetected): hpdftex.

("C:\Users\Tim Roith\AppData\Local\Programs\MiKTeX 2.9\tex/latex/hyperref\hpdft
ex.def"
File: hpdftex.def 2019/09/28 v7.00a Hyperref driver for pdfTeX
\Fld@listcount=\count432
\c@bookmark@seq@number=\count433

("C:\Users\Tim Roith\AppData\Local\Programs\MiKTeX 2.9\tex/latex/oberdiek\rerun
filecheck.sty"
Package: rerunfilecheck 2016/05/16 v1.8 Rerun checks for auxiliary files (HO)
Package uniquecounter Info: New unique counter `rerunfilecheck' on input line 2
82.
)
\Hy@SectionHShift=\skip101
)
Package hyperref Info: Option `final' set `true' on input line 302.
Package hyperref Info: Option `plainpages' set `false' on input line 302.
Package hyperref Info: Option `pdftoolbar' set `true' on input line 302.
Package hyperref Info: Option `pdfmenubar' set `true' on input line 302.
Package hyperref Info: Option `bookmarksopen' set `true' on input line 302.
Package hyperref Info: Option `bookmarksnumbered' set `true' on input line 302.

Package hyperref Info: Option `breaklinks' set `true' on input line 302.
Package hyperref Info: Option `linktocpage' set `true' on input line 302.
)
("C:\Users\Tim Roith\AppData\Local\Programs\MiKTeX 2.9\tex/latex/todonotes\todo
notes.sty"
Package: todonotes 2019/01/24 v1.1.2 Todonotes source and documentation.
Package: todonotes 2018/11/22

("C:\Users\Tim Roith\AppData\Local\Programs\MiKTeX 2.9\tex/latex/pgf/frontendla
yer\tikz.sty"
("C:\Users\Tim Roith\AppData\Local\Programs\MiKTeX 2.9\tex/latex/pgf/basiclayer
\pgf.sty"
("C:\Users\Tim Roith\AppData\Local\Programs\MiKTeX 2.9\tex/latex/pgf/utilities\
pgfrcs.sty"
("C:\Users\Tim Roith\AppData\Local\Programs\MiKTeX 2.9\tex/generic/pgf/utilitie
s\pgfutil-common.tex"
\pgfutil@everybye=\toks31
\pgfutil@tempdima=\dimen157
\pgfutil@tempdimb=\dimen158

("C:\Users\Tim Roith\AppData\Local\Programs\MiKTeX 2.9\tex/generic/pgf/utilitie
s\pgfutil-common-lists.tex"))
("C:\Users\Tim Roith\AppData\Local\Programs\MiKTeX 2.9\tex/generic/pgf/utilitie
s\pgfutil-latex.def"
\pgfutil@abb=\box50

("C:\Users\Tim Roith\AppData\Local\Programs\MiKTeX 2.9\tex/latex/ms\everyshi.st
y"
Package: everyshi 2001/05/15 v3.00 EveryShipout Package (MS)
))
("C:\Users\Tim Roith\AppData\Local\Programs\MiKTeX 2.9\tex/generic/pgf/utilitie
s\pgfrcs.code.tex"
("C:\Users\Tim Roith\AppData\Local\Programs\MiKTeX 2.9\tex/generic/pgf\pgf.revi
sion.tex")
Package: pgfrcs 2019/08/03 v3.1.4b (3.1.4b)
))
Package: pgf 2019/08/03 v3.1.4b (3.1.4b)

("C:\Users\Tim Roith\AppData\Local\Programs\MiKTeX 2.9\tex/latex/pgf/basiclayer
\pgfcore.sty"
("C:\Users\Tim Roith\AppData\Local\Programs\MiKTeX 2.9\tex/latex/graphics\graph
icx.sty"
Package: graphicx 2017/06/01 v1.1a Enhanced LaTeX Graphics (DPC,SPQR)

("C:\Users\Tim Roith\AppData\Local\Programs\MiKTeX 2.9\tex/latex/graphics\graph
ics.sty"
Package: graphics 2019/07/20 v1.3b Standard LaTeX Graphics (DPC,SPQR)

("C:\Users\Tim Roith\AppData\Local\Programs\MiKTeX 2.9\tex/latex/graphics\trig.
sty"
Package: trig 2016/01/03 v1.10 sin cos tan (DPC)
)
("C:\Users\Tim Roith\AppData\Local\Programs\MiKTeX 2.9\tex/latex/graphics-cfg\g
raphics.cfg"
File: graphics.cfg 2016/06/04 v1.11 sample graphics configuration
)
Package graphics Info: Driver file: pdftex.def on input line 105.
)
\Gin@req@height=\dimen159
\Gin@req@width=\dimen160
)
("C:\Users\Tim Roith\AppData\Local\Programs\MiKTeX 2.9\tex/latex/pgf/systemlaye
r\pgfsys.sty"
("C:\Users\Tim Roith\AppData\Local\Programs\MiKTeX 2.9\tex/generic/pgf/systemla
yer\pgfsys.code.tex"
Package: pgfsys 2019/08/03 v3.1.4b (3.1.4b)

("C:\Users\Tim Roith\AppData\Local\Programs\MiKTeX 2.9\tex/generic/pgf/utilitie
s\pgfkeys.code.tex"
\pgfkeys@pathtoks=\toks32
\pgfkeys@temptoks=\toks33

("C:\Users\Tim Roith\AppData\Local\Programs\MiKTeX 2.9\tex/generic/pgf/utilitie
s\pgfkeysfiltered.code.tex"
\pgfkeys@tmptoks=\toks34
))
\pgf@x=\dimen161
\pgf@y=\dimen162
\pgf@xa=\dimen163
\pgf@ya=\dimen164
\pgf@xb=\dimen165
\pgf@yb=\dimen166
\pgf@xc=\dimen167
\pgf@yc=\dimen168
\pgf@xd=\dimen169
\pgf@yd=\dimen170
\w@pgf@writea=\write4
\r@pgf@reada=\read3
\c@pgf@counta=\count434
\c@pgf@countb=\count435
\c@pgf@countc=\count436
\c@pgf@countd=\count437
\t@pgf@toka=\toks35
\t@pgf@tokb=\toks36
\t@pgf@tokc=\toks37
\pgf@sys@id@count=\count438

("C:\Users\Tim Roith\AppData\Local\Programs\MiKTeX 2.9\tex/generic/pgf/systemla
yer\pgf.cfg"
File: pgf.cfg 2019/08/03 v3.1.4b (3.1.4b)
)
Driver file for pgf: pgfsys-pdftex.def

("C:\Users\Tim Roith\AppData\Local\Programs\MiKTeX 2.9\tex/generic/pgf/systemla
yer\pgfsys-pdftex.def"
File: pgfsys-pdftex.def 2019/08/03 v3.1.4b (3.1.4b)

("C:\Users\Tim Roith\AppData\Local\Programs\MiKTeX 2.9\tex/generic/pgf/systemla
yer\pgfsys-common-pdf.def"
File: pgfsys-common-pdf.def 2019/08/03 v3.1.4b (3.1.4b)
)))
("C:\Users\Tim Roith\AppData\Local\Programs\MiKTeX 2.9\tex/generic/pgf/systemla
yer\pgfsyssoftpath.code.tex"
File: pgfsyssoftpath.code.tex 2019/08/03 v3.1.4b (3.1.4b)
\pgfsyssoftpath@smallbuffer@items=\count439
\pgfsyssoftpath@bigbuffer@items=\count440
)
("C:\Users\Tim Roith\AppData\Local\Programs\MiKTeX 2.9\tex/generic/pgf/systemla
yer\pgfsysprotocol.code.tex"
File: pgfsysprotocol.code.tex 2019/08/03 v3.1.4b (3.1.4b)
))
("C:\Users\Tim Roith\AppData\Local\Programs\MiKTeX 2.9\tex/generic/pgf/basiclay
er\pgfcore.code.tex"
Package: pgfcore 2019/08/03 v3.1.4b (3.1.4b)

("C:\Users\Tim Roith\AppData\Local\Programs\MiKTeX 2.9\tex/generic/pgf/math\pgf
math.code.tex"
("C:\Users\Tim Roith\AppData\Local\Programs\MiKTeX 2.9\tex/generic/pgf/math\pgf
mathcalc.code.tex"
("C:\Users\Tim Roith\AppData\Local\Programs\MiKTeX 2.9\tex/generic/pgf/math\pgf
mathutil.code.tex")
("C:\Users\Tim Roith\AppData\Local\Programs\MiKTeX 2.9\tex/generic/pgf/math\pgf
mathparser.code.tex"
\pgfmath@dimen=\dimen171
\pgfmath@count=\count441
\pgfmath@box=\box51
\pgfmath@toks=\toks38
\pgfmath@stack@operand=\toks39
\pgfmath@stack@operation=\toks40
)
("C:\Users\Tim Roith\AppData\Local\Programs\MiKTeX 2.9\tex/generic/pgf/math\pgf
mathfunctions.code.tex"
("C:\Users\Tim Roith\AppData\Local\Programs\MiKTeX 2.9\tex/generic/pgf/math\pgf
mathfunctions.basic.code.tex")
("C:\Users\Tim Roith\AppData\Local\Programs\MiKTeX 2.9\tex/generic/pgf/math\pgf
mathfunctions.trigonometric.code.tex")
("C:\Users\Tim Roith\AppData\Local\Programs\MiKTeX 2.9\tex/generic/pgf/math\pgf
mathfunctions.random.code.tex")
("C:\Users\Tim Roith\AppData\Local\Programs\MiKTeX 2.9\tex/generic/pgf/math\pgf
mathfunctions.comparison.code.tex")
("C:\Users\Tim Roith\AppData\Local\Programs\MiKTeX 2.9\tex/generic/pgf/math\pgf
mathfunctions.base.code.tex")
("C:\Users\Tim Roith\AppData\Local\Programs\MiKTeX 2.9\tex/generic/pgf/math\pgf
mathfunctions.round.code.tex")
("C:\Users\Tim Roith\AppData\Local\Programs\MiKTeX 2.9\tex/generic/pgf/math\pgf
mathfunctions.misc.code.tex")
("C:\Users\Tim Roith\AppData\Local\Programs\MiKTeX 2.9\tex/generic/pgf/math\pgf
mathfunctions.integerarithmetics.code.tex")))
("C:\Users\Tim Roith\AppData\Local\Programs\MiKTeX 2.9\tex/generic/pgf/math\pgf
mathfloat.code.tex"
\c@pgfmathroundto@lastzeros=\count442
))
("C:\Users\Tim Roith\AppData\Local\Programs\MiKTeX 2.9\tex/generic/pgf/math\pgf
int.code.tex")
("C:\Users\Tim Roith\AppData\Local\Programs\MiKTeX 2.9\tex/generic/pgf/basiclay
er\pgfcorepoints.code.tex"
File: pgfcorepoints.code.tex 2019/08/03 v3.1.4b (3.1.4b)
\pgf@picminx=\dimen172
\pgf@picmaxx=\dimen173
\pgf@picminy=\dimen174
\pgf@picmaxy=\dimen175
\pgf@pathminx=\dimen176
\pgf@pathmaxx=\dimen177
\pgf@pathminy=\dimen178
\pgf@pathmaxy=\dimen179
\pgf@xx=\dimen180
\pgf@xy=\dimen181
\pgf@yx=\dimen182
\pgf@yy=\dimen183
\pgf@zx=\dimen184
\pgf@zy=\dimen185
)
("C:\Users\Tim Roith\AppData\Local\Programs\MiKTeX 2.9\tex/generic/pgf/basiclay
er\pgfcorepathconstruct.code.tex"
File: pgfcorepathconstruct.code.tex 2019/08/03 v3.1.4b (3.1.4b)
\pgf@path@lastx=\dimen186
\pgf@path@lasty=\dimen187
)
("C:\Users\Tim Roith\AppData\Local\Programs\MiKTeX 2.9\tex/generic/pgf/basiclay
er\pgfcorepathusage.code.tex"
File: pgfcorepathusage.code.tex 2019/08/03 v3.1.4b (3.1.4b)
\pgf@shorten@end@additional=\dimen188
\pgf@shorten@start@additional=\dimen189
)
("C:\Users\Tim Roith\AppData\Local\Programs\MiKTeX 2.9\tex/generic/pgf/basiclay
er\pgfcorescopes.code.tex"
File: pgfcorescopes.code.tex 2019/08/03 v3.1.4b (3.1.4b)
\pgfpic=\box52
\pgf@hbox=\box53
\pgf@layerbox@main=\box54
\pgf@picture@serial@count=\count443
)
("C:\Users\Tim Roith\AppData\Local\Programs\MiKTeX 2.9\tex/generic/pgf/basiclay
er\pgfcoregraphicstate.code.tex"
File: pgfcoregraphicstate.code.tex 2019/08/03 v3.1.4b (3.1.4b)
\pgflinewidth=\dimen190
)
("C:\Users\Tim Roith\AppData\Local\Programs\MiKTeX 2.9\tex/generic/pgf/basiclay
er\pgfcoretransformations.code.tex"
File: pgfcoretransformations.code.tex 2019/08/03 v3.1.4b (3.1.4b)
\pgf@pt@x=\dimen191
\pgf@pt@y=\dimen192
\pgf@pt@temp=\dimen193
)
("C:\Users\Tim Roith\AppData\Local\Programs\MiKTeX 2.9\tex/generic/pgf/basiclay
er\pgfcorequick.code.tex"
File: pgfcorequick.code.tex 2019/08/03 v3.1.4b (3.1.4b)
)
("C:\Users\Tim Roith\AppData\Local\Programs\MiKTeX 2.9\tex/generic/pgf/basiclay
er\pgfcoreobjects.code.tex"
File: pgfcoreobjects.code.tex 2019/08/03 v3.1.4b (3.1.4b)
)
("C:\Users\Tim Roith\AppData\Local\Programs\MiKTeX 2.9\tex/generic/pgf/basiclay
er\pgfcorepathprocessing.code.tex"
File: pgfcorepathprocessing.code.tex 2019/08/03 v3.1.4b (3.1.4b)
)
("C:\Users\Tim Roith\AppData\Local\Programs\MiKTeX 2.9\tex/generic/pgf/basiclay
er\pgfcorearrows.code.tex"
File: pgfcorearrows.code.tex 2019/08/03 v3.1.4b (3.1.4b)
\pgfarrowsep=\dimen194
)
("C:\Users\Tim Roith\AppData\Local\Programs\MiKTeX 2.9\tex/generic/pgf/basiclay
er\pgfcoreshade.code.tex"
File: pgfcoreshade.code.tex 2019/08/03 v3.1.4b (3.1.4b)
\pgf@max=\dimen195
\pgf@sys@shading@range@num=\count444
\pgf@shadingcount=\count445
)
("C:\Users\Tim Roith\AppData\Local\Programs\MiKTeX 2.9\tex/generic/pgf/basiclay
er\pgfcoreimage.code.tex"
File: pgfcoreimage.code.tex 2019/08/03 v3.1.4b (3.1.4b)

("C:\Users\Tim Roith\AppData\Local\Programs\MiKTeX 2.9\tex/generic/pgf/basiclay
er\pgfcoreexternal.code.tex"
File: pgfcoreexternal.code.tex 2019/08/03 v3.1.4b (3.1.4b)
\pgfexternal@startupbox=\box55
))
("C:\Users\Tim Roith\AppData\Local\Programs\MiKTeX 2.9\tex/generic/pgf/basiclay
er\pgfcorelayers.code.tex"
File: pgfcorelayers.code.tex 2019/08/03 v3.1.4b (3.1.4b)
)
("C:\Users\Tim Roith\AppData\Local\Programs\MiKTeX 2.9\tex/generic/pgf/basiclay
er\pgfcoretransparency.code.tex"
File: pgfcoretransparency.code.tex 2019/08/03 v3.1.4b (3.1.4b)
)
("C:\Users\Tim Roith\AppData\Local\Programs\MiKTeX 2.9\tex/generic/pgf/basiclay
er\pgfcorepatterns.code.tex"
File: pgfcorepatterns.code.tex 2019/08/03 v3.1.4b (3.1.4b)
)
("C:\Users\Tim Roith\AppData\Local\Programs\MiKTeX 2.9\tex/generic/pgf/basiclay
er\pgfcorerdf.code.tex"
File: pgfcorerdf.code.tex 2019/08/03 v3.1.4b (3.1.4b)
)))
("C:\Users\Tim Roith\AppData\Local\Programs\MiKTeX 2.9\tex/generic/pgf/modules\
pgfmoduleshapes.code.tex"
File: pgfmoduleshapes.code.tex 2019/08/03 v3.1.4b (3.1.4b)
\pgfnodeparttextbox=\box56
)
("C:\Users\Tim Roith\AppData\Local\Programs\MiKTeX 2.9\tex/generic/pgf/modules\
pgfmoduleplot.code.tex"
File: pgfmoduleplot.code.tex 2019/08/03 v3.1.4b (3.1.4b)
)
("C:\Users\Tim Roith\AppData\Local\Programs\MiKTeX 2.9\tex/latex/pgf/compatibil
ity\pgfcomp-version-0-65.sty"
Package: pgfcomp-version-0-65 2019/08/03 v3.1.4b (3.1.4b)
\pgf@nodesepstart=\dimen196
\pgf@nodesepend=\dimen197
)
("C:\Users\Tim Roith\AppData\Local\Programs\MiKTeX 2.9\tex/latex/pgf/compatibil
ity\pgfcomp-version-1-18.sty"
Package: pgfcomp-version-1-18 2019/08/03 v3.1.4b (3.1.4b)
))
("C:\Users\Tim Roith\AppData\Local\Programs\MiKTeX 2.9\tex/latex/pgf/utilities\
pgffor.sty"
("C:\Users\Tim Roith\AppData\Local\Programs\MiKTeX 2.9\tex/latex/pgf/utilities\
pgfkeys.sty"
("C:\Users\Tim Roith\AppData\Local\Programs\MiKTeX 2.9\tex/generic/pgf/utilitie
s\pgfkeys.code.tex"))
("C:\Users\Tim Roith\AppData\Local\Programs\MiKTeX 2.9\tex/latex/pgf/math\pgfma
th.sty"
("C:\Users\Tim Roith\AppData\Local\Programs\MiKTeX 2.9\tex/generic/pgf/math\pgf
math.code.tex"))
("C:\Users\Tim Roith\AppData\Local\Programs\MiKTeX 2.9\tex/generic/pgf/utilitie
s\pgffor.code.tex"
Package: pgffor 2019/08/03 v3.1.4b (3.1.4b)

("C:\Users\Tim Roith\AppData\Local\Programs\MiKTeX 2.9\tex/generic/pgf/math\pgf
math.code.tex")
\pgffor@iter=\dimen198
\pgffor@skip=\dimen199
\pgffor@stack=\toks41
\pgffor@toks=\toks42
))
("C:\Users\Tim Roith\AppData\Local\Programs\MiKTeX 2.9\tex/generic/pgf/frontend
layer/tikz\tikz.code.tex"
Package: tikz 2019/08/03 v3.1.4b (3.1.4b)

("C:\Users\Tim Roith\AppData\Local\Programs\MiKTeX 2.9\tex/generic/pgf/librarie
s\pgflibraryplothandlers.code.tex"
File: pgflibraryplothandlers.code.tex 2019/08/03 v3.1.4b (3.1.4b)
\pgf@plot@mark@count=\count446
\pgfplotmarksize=\dimen256
)
\tikz@lastx=\dimen257
\tikz@lasty=\dimen258
\tikz@lastxsaved=\dimen259
\tikz@lastysaved=\dimen260
\tikz@lastmovetox=\dimen261
\tikz@lastmovetoy=\dimen262
\tikzleveldistance=\dimen263
\tikzsiblingdistance=\dimen264
\tikz@figbox=\box57
\tikz@figbox@bg=\box58
\tikz@tempbox=\box59
\tikz@tempbox@bg=\box60
\tikztreelevel=\count447
\tikznumberofchildren=\count448
\tikznumberofcurrentchild=\count449
\tikz@fig@count=\count450

("C:\Users\Tim Roith\AppData\Local\Programs\MiKTeX 2.9\tex/generic/pgf/modules\
pgfmodulematrix.code.tex"
File: pgfmodulematrix.code.tex 2019/08/03 v3.1.4b (3.1.4b)
\pgfmatrixcurrentrow=\count451
\pgfmatrixcurrentcolumn=\count452
\pgf@matrix@numberofcolumns=\count453
)
\tikz@expandcount=\count454

("C:\Users\Tim Roith\AppData\Local\Programs\MiKTeX 2.9\tex/generic/pgf/frontend
layer/tikz/libraries\tikzlibrarytopaths.code.tex"
File: tikzlibrarytopaths.code.tex 2019/08/03 v3.1.4b (3.1.4b)
)))
("C:\Users\Tim Roith\AppData\Local\Programs\MiKTeX 2.9\tex/generic/pgf/frontend
layer/tikz/libraries\tikzlibrarypositioning.code.tex"
File: tikzlibrarypositioning.code.tex 2019/08/03 v3.1.4b (3.1.4b)
)
("C:\Users\Tim Roith\AppData\Local\Programs\MiKTeX 2.9\tex/generic/pgf/frontend
layer/tikz/libraries\tikzlibraryshadows.code.tex"
File: tikzlibraryshadows.code.tex 2019/08/03 v3.1.4b (3.1.4b)

("C:\Users\Tim Roith\AppData\Local\Programs\MiKTeX 2.9\tex/generic/pgf/frontend
layer/tikz/libraries\tikzlibraryfadings.code.tex"
File: tikzlibraryfadings.code.tex 2019/08/03 v3.1.4b (3.1.4b)

("C:\Users\Tim Roith\AppData\Local\Programs\MiKTeX 2.9\tex/generic/pgf/librarie
s\pgflibraryfadings.code.tex"
File: pgflibraryfadings.code.tex 2019/08/03 v3.1.4b (3.1.4b)
)))
("C:\Users\Tim Roith\AppData\Local\Programs\MiKTeX 2.9\tex/latex/tools\calc.sty
"
Package: calc 2017/05/25 v4.3 Infix arithmetic (KKT,FJ)
\calc@Acount=\count455
\calc@Bcount=\count456
\calc@Adimen=\dimen265
\calc@Bdimen=\dimen266
\calc@Askip=\skip102
\calc@Bskip=\skip103
LaTeX Info: Redefining \setlength on input line 80.
LaTeX Info: Redefining \addtolength on input line 81.
\calc@Ccount=\count457
\calc@Cskip=\skip104
)
\c@@todonotes@numberoftodonotes=\count458
)
("C:\Users\Tim Roith\AppData\Local\Programs\MiKTeX 2.9\tex/latex/tools\tabularx
.sty"
Package: tabularx 2016/02/03 v2.11b `tabularx' package (DPC)

("C:\Users\Tim Roith\AppData\Local\Programs\MiKTeX 2.9\tex/latex/tools\array.st
y"
Package: array 2019/08/31 v2.4l Tabular extension package (FMi)
\col@sep=\dimen267
\ar@mcellbox=\box61
\extrarowheight=\dimen268
\NC@list=\toks43
\extratabsurround=\skip105
\backup@length=\skip106
\ar@cellbox=\box62
)
\TX@col@width=\dimen269
\TX@old@table=\dimen270
\TX@old@col=\dimen271
\TX@target=\dimen272
\TX@delta=\dimen273
\TX@cols=\count459
\TX@ftn=\toks44
) (styles/fau-colors.sty
Package: styles/fau-colors  Defines useful commands. Author: Tim Carsten Otto R
oith
)
Package hyperref Info: Option `colorlinks' set `true' on input line 23.
 (styles/fau-appearence.sty

LaTeX Warning: You have requested package `styles/fau-appearence',
               but the package provides `styles/fau-colors'.

Package: styles/fau-colors Appearance Author: Tim Carsten Otto Roith

("C:\Users\Tim Roith\AppData\Local\Programs\MiKTeX 2.9\tex/latex/tcolorbox\tcol
orbox.sty"
Package: tcolorbox 2019/11/15 version 4.22 text color boxes

("C:\Users\Tim Roith\AppData\Local\Programs\MiKTeX 2.9\tex/latex/tools\verbatim
.sty"
Package: verbatim 2014/10/28 v1.5q LaTeX2e package for verbatim enhancements
\every@verbatim=\toks45
\verbatim@line=\toks46
\verbatim@in@stream=\read4
)
("C:\Users\Tim Roith\AppData\Local\Programs\MiKTeX 2.9\tex/latex/environ\enviro
n.sty"
Package: environ 2014/05/04 v0.3 A new way to define environments

("C:\Users\Tim Roith\AppData\Local\Programs\MiKTeX 2.9\tex/latex/trimspaces\tri
mspaces.sty"
Package: trimspaces 2009/09/17 v1.1 Trim spaces around a token list
))
\tcb@titlebox=\box63
\tcb@upperbox=\box64
\tcb@lowerbox=\box65
\tcb@phantombox=\box66
\c@tcbbreakpart=\count460
\c@tcblayer=\count461
\tcolorbox@number=\count462
\tcb@temp=\box67
\tcb@temp=\box68
\tcb@temp=\box69
\tcb@temp=\box70
\tcb@out=\write5
\tcb@record@out=\write6

("C:\Users\Tim Roith\AppData\Local\Programs\MiKTeX 2.9\tex/latex/tcolorbox\tcbr
aster.code.tex"
Library (tcolorbox): 'tcbraster.code.tex' version '4.22'
\c@tcbrastercolumn=\count463
\c@tcbrasterrow=\count464
\c@tcbraster=\count465
)
("C:\Users\Tim Roith\AppData\Local\Programs\MiKTeX 2.9\tex/latex/tcolorbox\tcbs
kins.code.tex"
Library (tcolorbox): 'tcbskins.code.tex' version '4.22'
\tcb@waterbox=\box71

("C:\Users\Tim Roith\AppData\Local\Programs\MiKTeX 2.9\tex/latex/tcolorbox\tcbs
kinsjigsaw.code.tex"
Library (tcolorbox): 'tcbskinsjigsaw.code.tex' version '4.22'
))
("C:\Users\Tim Roith\AppData\Local\Programs\MiKTeX 2.9\tex/latex/tcolorbox\tcbb
reakable.code.tex"
Library (tcolorbox): 'tcbbreakable.code.tex' version '4.22'
\tcb@testbox=\box72
\tcb@totalupperbox=\box73
\tcb@totallowerbox=\box74
)
("C:\Users\Tim Roith\AppData\Local\Programs\MiKTeX 2.9\tex/latex/tcolorbox\tcbh
ooks.code.tex"
Library (tcolorbox): 'tcbhooks.code.tex' version '4.22'
)
("C:\Users\Tim Roith\AppData\Local\Programs\MiKTeX 2.9\tex/latex/tcolorbox\tcbt
heorems.code.tex"
Library (tcolorbox): 'tcbtheorems.code.tex' version '4.22'
)
("C:\Users\Tim Roith\AppData\Local\Programs\MiKTeX 2.9\tex/latex/tcolorbox\tcbf
itting.code.tex"
Library (tcolorbox): 'tcbfitting.code.tex' version '4.22'
\tcbfitdim=\dimen274
\tcb@lowerfitdim=\dimen275
\tcb@upperfitdim=\dimen276
\tcb@cur@hbadness=\count466
)
("C:\Users\Tim Roith\AppData\Local\Programs\MiKTeX 2.9\tex/latex/tcolorbox\tcbx
parse.code.tex"
Library (tcolorbox): 'tcbxparse.code.tex' version '4.22'
)
("C:\Users\Tim Roith\AppData\Local\Programs\MiKTeX 2.9\tex/latex/tcolorbox\tcbl
istingsutf8.code.tex"
Library (tcolorbox): 'tcblistingsutf8.code.tex' version '4.22'

("C:\Users\Tim Roith\AppData\Local\Programs\MiKTeX 2.9\tex/latex/oberdiek\listi
ngsutf8.sty"
Package: listingsutf8 2016/05/16 v1.3 Allow UTF-8 in listings input (HO)

("C:\Users\Tim Roith\AppData\Local\Programs\MiKTeX 2.9\tex/latex/listings\listi
ngs.sty"
\lst@mode=\count467
\lst@gtempboxa=\box75
\lst@token=\toks47
\lst@length=\count468
\lst@currlwidth=\dimen277
\lst@column=\count469
\lst@pos=\count470
\lst@lostspace=\dimen278
\lst@width=\dimen279
\lst@newlines=\count471
\lst@lineno=\count472
\lst@maxwidth=\dimen280

("C:\Users\Tim Roith\AppData\Local\Programs\MiKTeX 2.9\tex/latex/listings\lstmi
sc.sty"
File: lstmisc.sty 2019/09/10 1.8c (Carsten Heinz)
\c@lstnumber=\count473
\lst@skipnumbers=\count474
\lst@framebox=\box76
)
("C:\Users\Tim Roith\AppData\Local\Programs\MiKTeX 2.9\tex/latex/listings\listi
ngs.cfg"
File: listings.cfg 2019/09/10 1.8c listings configuration
))
Package: listings 2019/09/10 1.8c (Carsten Heinz)

("C:\Users\Tim Roith\AppData\Local\Programs\MiKTeX 2.9\tex/generic/oberdiek\str
ingenc.sty"
Package: stringenc 2016/05/16 v1.11 Convert strings between diff. encodings (HO
)
))
("C:\Users\Tim Roith\AppData\Local\Programs\MiKTeX 2.9\tex/latex/tcolorbox\tcbl
istings.code.tex"
Library (tcolorbox): 'tcblistings.code.tex' version '4.22'

("C:\Users\Tim Roith\AppData\Local\Programs\MiKTeX 2.9\tex/latex/tcolorbox\tcbl
istingscore.code.tex"
Library (tcolorbox): 'tcblistingscore.code.tex' version '4.22'

("C:\Users\Tim Roith\AppData\Local\Programs\MiKTeX 2.9\tex/latex/tcolorbox\tcbp
rocessing.code.tex"
Library (tcolorbox): 'tcbprocessing.code.tex' version '4.22'

("C:\Users\Tim Roith\AppData\Local\Programs\MiKTeX 2.9\tex/latex/tools\shellesc
.sty"
Package: shellesc 2016/06/07 v0.02b unified shell escape interface for LaTeX
Package shellesc Info: Restricted shell escape enabled on input line 72.
))
\c@tcblisting=\count475
)))
("C:\Users\Tim Roith\AppData\Local\Programs\MiKTeX 2.9\tex/latex/tcolorbox\tcbe
xternal.code.tex"
Library (tcolorbox): 'tcbexternal.code.tex' version '4.22'
)
("C:\Users\Tim Roith\AppData\Local\Programs\MiKTeX 2.9\tex/latex/tcolorbox\tcbm
agazine.code.tex"
Library (tcolorbox): 'tcbmagazine.code.tex' version '4.22'
)
("C:\Users\Tim Roith\AppData\Local\Programs\MiKTeX 2.9\tex/latex/tcolorbox\tcbv
ignette.code.tex"
Library (tcolorbox): 'tcbvignette.code.tex' version '4.22'
)
("C:\Users\Tim Roith\AppData\Local\Programs\MiKTeX 2.9\tex/latex/tcolorbox\tcbp
oster.code.tex"
Library (tcolorbox): 'tcbposter.code.tex' version '4.22'
)))
\c@tcb@cnt@theorem=\count476
Package csquotes Info: Checking for multilingual support...
Package csquotes Info: ... found 'babel' package.
Package csquotes Info: Adjusting default style.
Package csquotes Info: Redefining alias 'default' -> 'german'.
Package biblatex Info: Trying to load language 'german'...
Package biblatex Info: ... file 'german.lbx' found.

("C:\Users\Tim Roith\AppData\Local\Programs\MiKTeX 2.9\tex/latex/biblatex/lbx\g
erman.lbx"
File: german.lbx 2019/08/31 v3.13a biblatex localization (PK/MW)
)
Package biblatex Info: Trying to load language 'american'...
Package biblatex Info: ... file 'american.lbx' found.

("C:\Users\Tim Roith\AppData\Local\Programs\MiKTeX 2.9\tex/latex/biblatex/lbx\a
merican.lbx"
File: american.lbx 2019/08/31 v3.13a biblatex localization (PK/MW)
Package biblatex Info: Trying to load language 'english'...
Package biblatex Info: ... file 'english.lbx' found.

("C:\Users\Tim Roith\AppData\Local\Programs\MiKTeX 2.9\tex/latex/biblatex/lbx\e
nglish.lbx"
File: english.lbx 2019/08/31 v3.13a biblatex localization (PK/MW)
)
Package biblatex Info: Trying to load language 'english'...
Package biblatex Info: ... file 'english.lbx' found.

("C:\Users\Tim Roith\AppData\Local\Programs\MiKTeX 2.9\tex/latex/biblatex/lbx\e
nglish.lbx"
File: english.lbx 2019/08/31 v3.13a biblatex localization (PK/MW)
))

LaTeX Warning: Unused global option(s):
    [showframe].

(thesis-example.aux

LaTeX Warning: Label `ch:One' multiply defined.

)
\openout1 = `thesis-example.aux'.

LaTeX Font Info:    Checking defaults for OML/cmm/m/it on input line 31.
LaTeX Font Info:    ... okay on input line 31.
LaTeX Font Info:    Checking defaults for T1/cmr/m/n on input line 31.
LaTeX Font Info:    ... okay on input line 31.
LaTeX Font Info:    Checking defaults for OT1/cmr/m/n on input line 31.
LaTeX Font Info:    ... okay on input line 31.
LaTeX Font Info:    Checking defaults for OMS/cmsy/m/n on input line 31.
LaTeX Font Info:    ... okay on input line 31.
LaTeX Font Info:    Checking defaults for OMX/cmex/m/n on input line 31.
LaTeX Font Info:    ... okay on input line 31.
LaTeX Font Info:    Checking defaults for U/cmr/m/n on input line 31.
LaTeX Font Info:    ... okay on input line 31.
LaTeX Font Info:    Checking defaults for PD1/pdf/m/n on input line 31.
LaTeX Font Info:    ... okay on input line 31.

*geometry* driver: auto-detecting
*geometry* detected driver: pdftex
*geometry* verbose mode - [ preamble ] result:
* driver: pdftex
* paper: a4paper
* layout: <same size as paper>
* layoutoffset:(h,v)=(0.0pt,0.0pt)
* modes: includehead twoside showframe 
* h-part:(L,W,R)=(102.43008pt, 421.10046pt, 73.97733pt)
* v-part:(T,H,B)=(71.13188pt, 697.09262pt, 76.82234pt)
* \paperwidth=597.50787pt
* \paperheight=845.04684pt
* \textwidth=421.10046pt
* \textheight=656.20534pt
* \oddsidemargin=30.1601pt
* \evensidemargin=1.70734pt
* \topmargin=-1.1381pt
* \headheight=14.5pt
* \headsep=22.76228pt
* \topskip=12.0pt
* \footskip=34.14322pt
* \marginparwidth=74.68849pt
* \marginparsep=12.8401pt
* \columnsep=10.0pt
* \skip\footins=10.8pt plus 4.0pt minus 2.0pt
* \hoffset=0.0pt
* \voffset=0.0pt
* \mag=1000
* \@twocolumnfalse
* \@twosidetrue
* \@mparswitchtrue
* \@reversemarginfalse
* (1in=72.27pt=25.4mm, 1cm=28.453pt)


("C:\Users\Tim Roith\AppData\Local\Programs\MiKTeX 2.9\tex/context/base/mkii\su
pp-pdf.mkii"
[Loading MPS to PDF converter (version 2006.09.02).]
\scratchcounter=\count477
\scratchdimen=\dimen281
\scratchbox=\box77
\nofMPsegments=\count478
\nofMParguments=\count479
\everyMPshowfont=\toks48
\MPscratchCnt=\count480
\MPscratchDim=\dimen282
\MPnumerator=\count481
\makeMPintoPDFobject=\count482
\everyMPtoPDFconversion=\toks49
)
("C:\Users\Tim Roith\AppData\Local\Programs\MiKTeX 2.9\tex/latex/oberdiek\epsto
pdf-base.sty"
Package: epstopdf-base 2016/05/15 v2.6 Base part for package epstopdf

("C:\Users\Tim Roith\AppData\Local\Programs\MiKTeX 2.9\tex/latex/oberdiek\grfex
t.sty"
Package: grfext 2016/05/16 v1.2 Manage graphics extensions (HO)
)
Package epstopdf-base Info: Redefining graphics rule for `.eps' on input line 4
38.
Package grfext Info: Graphics extension search list:
(grfext)             [.pdf,.png,.jpg,.mps,.jpeg,.jbig2,.jb2,.PDF,.PNG,.JPG,.JPE
G,.JBIG2,.JB2,.eps]
(grfext)             \AppendGraphicsExtensions on input line 456.
)
Package biblatex Info: Input encoding 'utf8' detected.
Package biblatex Info: Automatic encoding selection.
(biblatex)             Assuming data encoding 'utf8'.
Package biblatex Info: Input encoding 'utf8' specified.
Package biblatex Info: Data encoding 'utf8' specified.
(biblatex)             No need to reencode data.
\openout3 = `thesis-example-blx.bib'.

Package biblatex Info: Trying to load bibliographic data...
Package biblatex Info: ... file 'thesis-example.bbl' not found.

No file thesis-example.bbl.
Package biblatex Info: Reference section=0 on input line 31.
Package biblatex Info: Reference segment=0 on input line 31.
\AtBeginShipoutBox=\box78
Package hyperref Info: Link coloring ON on input line 31.

("C:\Users\Tim Roith\AppData\Local\Programs\MiKTeX 2.9\tex/latex/hyperref\namer
ef.sty"
Package: nameref 2019/09/16 v2.46 Cross-referencing by name of section

("C:\Users\Tim Roith\AppData\Local\Programs\MiKTeX 2.9\tex/generic/oberdiek\get
titlestring.sty"
Package: gettitlestring 2016/05/16 v1.5 Cleanup title references (HO)
)
\c@section@level=\count483
)
LaTeX Info: Redefining \ref on input line 31.
LaTeX Info: Redefining \pageref on input line 31.
LaTeX Info: Redefining \nameref on input line 31.
 (thesis-example.out) (thesis-example.out)
\@outlinefile=\write7
\openout7 = `thesis-example.out'.

Class scrbook Info: loading recommended package `bookmark'.
(scrbook)           Using `bookmark' together with `hyperref' is recommended,
(scrbook)           because of handling of possible bookmark level gaps.
(scrbook)           You can avoid loading `bookmark' with KOMA-Script option
(scrbook)           `bookmarkpackage=false' before \begin{document} and
(scrbook)           you can avoid this message adding:
(scrbook)             \usepackage{bookmark}
(scrbook)           before \begin{document} on input line 31.

("C:\Users\Tim Roith\AppData\Local\Programs\MiKTeX 2.9\tex/latex/oberdiek\bookm
ark.sty"
Package: bookmark 2019/06/04 v1.27 PDF bookmarks (HO)

("C:\Users\Tim Roith\AppData\Local\Programs\MiKTeX 2.9\tex/latex/oberdiek\bkm-p
dftex.def"
File: bkm-pdftex.def 2019/06/04 v1.27 bookmark driver for pdfTeX (HO)
Package auxhook Info: \AddLineBeginMainAux comes a little late,
(auxhook)             because the main .aux file is already opened on input lin
e 164.
\BKM@id=\count484
)) ABD: EveryShipout initializing macros
\c@lstlisting=\count485

("C:\Users\Tim Roith\AppData\Local\Programs\MiKTeX 2.9\tex/latex/base\inputenc.
sty"
Package: inputenc 2018/08/11 v1.3c Input encoding file
\inpenc@prehook=\toks50
\inpenc@posthook=\toks51
)
LaTeX Font Info:    Trying to load font information for U+msa on input line 35.


("C:\Users\Tim Roith\AppData\Local\Programs\MiKTeX 2.9\tex/latex/amsfonts\umsa.
fd"
File: umsa.fd 2013/01/14 v3.01 AMS symbols A
)
LaTeX Font Info:    Trying to load font information for U+msb on input line 35.


("C:\Users\Tim Roith\AppData\Local\Programs\MiKTeX 2.9\tex/latex/amsfonts\umsb.
fd"
File: umsb.fd 2013/01/14 v3.01 AMS symbols B
)
<atelier/logo/FAU_nat.pdf, id=42, 625.29613pt x 178.6675pt>
File: atelier/logo/FAU_nat.pdf Graphic file (type pdf)
<use atelier/logo/FAU_nat.pdf>
Package pdftex.def Info: atelier/logo/FAU_nat.pdf  used on input line 35.
(pdftex.def)             Requested size: 151.59642pt x 43.31454pt.
<atelier/logo/DepMathLogo.pdf, id=43, 285.065pt x 138.5175pt>
File: atelier/logo/DepMathLogo.pdf Graphic file (type pdf)
<use atelier/logo/DepMathLogo.pdf>
Package pdftex.def Info: atelier/logo/DepMathLogo.pdf  used on input line 35.
(pdftex.def)             Requested size: 126.33142pt x 61.38539pt.

Underfull \hbox (badness 10000) in paragraph at lines 35--35

 []

[1



{C:/Users/Tim Roith/AppData/Local/MiKTeX/2.9/pdftex/config/pdftex.map} <./ateli
er/logo/FAU_nat.pdf> <./atelier/logo/DepMathLogo.pdf>]
(chapters/01_chapter_one.tex [2


]
chapter 1.

Class scrbook Warning: \float@addtolists detected!
(scrbook)              Implementation of \float@addtolist became
(scrbook)              deprecated in KOMA-Script v3.01 2008/11/14 and
(scrbook)              has been replaced by several more flexible
(scrbook)              features of package `tocbasic`.
(scrbook)              Since Version 3.12 support for deprecated
(scrbook)              \float@addtolist interface has been
(scrbook)              restricted to only some of the KOMA-Script
(scrbook)              features and been removed from others.
(scrbook)              Loading of package `scrhack' may help to
(scrbook)              avoid this warning, if you are using a
(scrbook)              a package that still implements the
(scrbook)              deprecated \float@addtolist interface .

LaTeX Font Info:    Trying to load font information for T1+ptm on input line 2.


("C:\Users\Tim Roith\AppData\Local\Programs\MiKTeX 2.9\tex/latex/psnfss\t1ptm.f
d"
File: t1ptm.fd 2001/06/04 font definitions for T1/ptm.
)
Package hyperref Info: bookmark level for unknown todo defaults to 0 on input l
ine 18.
 [3] [4]) (chapters/01_chapter_one.tex [5] [6


]
chapter 2.
[7] [8]) [9]
Package atveryend Info: Empty hook `BeforeClearDocument' on input line 39.
Package atveryend Info: Empty hook `AfterLastShipout' on input line 39.
 (thesis-example.aux)
Package atveryend Info: Executing hook `AtVeryEndDocument' on input line 39.
Package atveryend Info: Executing hook `AtEndAfterFileList' on input line 39.
Package rerunfilecheck Info: File `thesis-example.out' has not changed.
(rerunfilecheck)             Checksum: D41D8CD98F00B204E9800998ECF8427E;0.


LaTeX Warning: There were multiply-defined labels.

Package logreq Info: Writing requests to 'thesis-example.run.xml'.
\openout1 = `thesis-example.run.xml'.

 ) 
Here is how much of TeX's memory you used:
 46084 strings out of 492452
 929324 string characters out of 3118193
 1524928 words of memory out of 3000000
 49781 multiletter control sequences out of 15000+200000
 545200 words of font info for 57 fonts, out of 3000000 for 9000
 1143 hyphenation exceptions out of 8191
 78i,11n,117p,10140b,1737s stack positions out of 5000i,500n,10000p,200000b,50000s
{C:/Users/Tim Roith/AppData/Local/Programs/MiKTeX 2.9/fonts/enc/dvips/base/8r
.enc}<C:/Users/Tim Roith/AppData/Local/Programs/MiKTeX 2.9/fonts/type1/public/a
msfonts/cm/cmbx12.pfb><C:/Users/Tim Roith/AppData/Local/Programs/MiKTeX 2.9/fon
ts/type1/public/amsfonts/cm/cmmi12.pfb><C:/Users/Tim Roith/AppData/Local/Progra
ms/MiKTeX 2.9/fonts/type1/public/amsfonts/cm/cmr12.pfb><C:/Users/Tim Roith/AppD
ata/Local/Programs/MiKTeX 2.9/fonts/type1/public/amsfonts/cm/cmr17.pfb><C:/User
s/Tim Roith/AppData/Local/Programs/MiKTeX 2.9/fonts/type1/public/amsfonts/cm/cm
r8.pfb><C:/Users/Tim Roith/AppData/Local/Programs/MiKTeX 2.9/fonts/type1/public
/amsfonts/cm/cmsl12.pfb><C:/Users/Tim Roith/AppData/Local/Programs/MiKTeX 2.9/f
onts/type1/public/amsfonts/cm/cmss12.pfb><C:/Users/Tim Roith/AppData/Local/Prog
rams/MiKTeX 2.9/fonts/type1/public/amsfonts/cm/cmss17.pfb><C:/Users/Tim Roith/A
ppData/Local/Programs/MiKTeX 2.9/fonts/type1/public/amsfonts/cm/cmssbx10.pfb><C
:/Users/Tim Roith/AppData/Local/Programs/MiKTeX 2.9/fonts/type1/urw/times/utmb8
a.pfb>
Output written on thesis-example.pdf (9 pages, 149210 bytes).
PDF statistics:
 177 PDF objects out of 1000 (max. 8388607)
 24 named destinations out of 1000 (max. 500000)
 231 words of extra memory for PDF output out of 10000 (max. 10000000)

